<?xml version="1.0" encoding="UTF-8"?>
<!-- Generated by org.testng.reporters.JUnitReportReporter -->
<testsuite hostname="PTDELL0040" failures="0" tests="1" name="Day5.XmlSchemaValidation" time="2.281" errors="0" timestamp="2024-02-13T18:35:21 IST" skipped="0">
  <testcase classname="Day5.XmlSchemaValidation" name="xmlValidator" time="2.281"/>
  <system-out/>
</testsuite> <!-- Day5.XmlSchemaValidation -->
