<?xml version="1.0" encoding="UTF-8"?>
<!-- Generated by org.testng.reporters.JUnitReportReporter -->
<testsuite hostname="PTDELL0040" failures="0" tests="1" name="Day4.XmlValidation" time="3.439" errors="0" timestamp="2024-02-13T18:16:59 IST" skipped="0">
  <testcase classname="Day4.XmlValidation" name="Xmldata" time="3.439"/>
  <system-out/>
</testsuite> <!-- Day4.XmlValidation -->
