<?xml version="1.0" encoding="UTF-8"?>
<!-- Generated by org.testng.reporters.JUnitReportReporter -->
<testsuite hostname="PTDELL0040" failures="0" tests="1" name="Day3.DataValidation" time="2.132" errors="0" timestamp="2024-02-13T16:23:43 IST" skipped="0">
  <testcase classname="Day3.DataValidation" name="responseBodyObjectValidationWithoutJsonPath" time="2.132"/>
  <system-out/>
</testsuite> <!-- Day3.DataValidation -->
