<?xml version="1.0" encoding="UTF-8"?>
<!-- Generated by org.testng.reporters.JUnitReportReporter -->
<testsuite hostname="PTDELL0040" failures="0" tests="1" name="Day7.ResetPassWord" time="3.111" errors="0" timestamp="2024-02-16T11:41:05 IST" skipped="0">
  <testcase classname="Day7.ResetPassWord" name="testResetPassword" time="3.111"/>
  <system-out/>
</testsuite> <!-- Day7.ResetPassWord -->
