<?xml version="1.0" encoding="UTF-8"?>
<!-- Generated by org.testng.reporters.JUnitReportReporter -->
<testsuite hostname="PTDELL0040" failures="0" tests="1" name="Day1.HttpRequest" time="1.876" errors="0" timestamp="2024-02-20T16:21:04 IST" skipped="0">
  <testcase classname="Day1.HttpRequest" name="getAllUsers" time="1.876"/>
  <system-out/>
</testsuite> <!-- Day1.HttpRequest -->
