<?xml version="1.0" encoding="UTF-8"?>
<!-- Generated by org.testng.reporters.JUnitReportReporter -->
<testsuite hostname="PTDELL0040" failures="0" tests="1" name="Day2.PathAndQueryParams" time="2.439" errors="0" timestamp="2024-02-13T16:30:03 IST" skipped="0">
  <testcase classname="Day2.PathAndQueryParams" name="GetUsersUsingPathAndQueryParams" time="2.439"/>
  <system-out/>
</testsuite> <!-- Day2.PathAndQueryParams -->
