<?xml version="1.0" encoding="UTF-8"?>
<!-- Generated by org.testng.reporters.JUnitReportReporter -->
<testsuite hostname="PTDELL0040" failures="0" tests="1" name="Day7.UpdateUserDetails" time="0.669" errors="0" timestamp="2024-02-22T18:50:59 IST" skipped="0">
  <testcase classname="Day7.UpdateUserDetails" name="updateDetails" time="0.669"/>
  <system-out/>
</testsuite> <!-- Day7.UpdateUserDetails -->
