<?xml version="1.0" encoding="UTF-8"?>
<!-- Generated by org.testng.reporters.JUnitReportReporter -->
<testsuite hostname="PTDELL0040" failures="0" tests="1" name="Day5.JsonSchemaValidation" time="3.537" errors="0" timestamp="2024-02-13T18:08:50 IST" skipped="0">
  <testcase classname="Day5.JsonSchemaValidation" name="JsonSchemaValidator" time="3.537"/>
  <system-out/>
</testsuite> <!-- Day5.JsonSchemaValidation -->
