<?xml version="1.0" encoding="UTF-8"?>
<!-- Generated by org.testng.reporters.JUnitReportReporter -->
<testsuite hostname="PTDELL0040" failures="0" tests="1" name="Day6.Authentications" time="3.846" errors="0" timestamp="2024-02-15T15:13:02 IST" skipped="0">
  <testcase classname="Day6.Authentications" name="Login1" time="3.846"/>
  <system-out/>
</testsuite> <!-- Day6.Authentications -->
