<?xml version="1.0" encoding="UTF-8"?>
<!-- Generated by org.testng.reporters.JUnitReportReporter -->
<testsuite hostname="PTDELL0040" failures="0" tests="1" name="Day7.ResetPasswordToken" time="4.282" errors="0" timestamp="2024-02-16T11:20:00 IST" skipped="0">
  <testcase classname="Day7.ResetPasswordToken" name="testResetPasswordToken" time="4.282"/>
  <system-out/>
</testsuite> <!-- Day7.ResetPasswordToken -->
