<?xml version="1.0" encoding="UTF-8"?>
<!-- Generated by org.testng.reporters.JUnitReportReporter -->
<testsuite hostname="PTDELL0040" failures="0" tests="1" name="Day7.LogOutAccount" time="0.565" errors="0" timestamp="2024-02-22T18:50:59 IST" skipped="0">
  <testcase classname="Day7.LogOutAccount" name="testLogOut" time="0.565"/>
  <system-out/>
</testsuite> <!-- Day7.LogOutAccount -->
