<?xml version="1.0" encoding="UTF-8"?>
<!-- Generated by org.testng.reporters.JUnitReportReporter -->
<testsuite hostname="PTDELL0040" failures="0" tests="1" name="Day7.Login" time="3.782" errors="0" timestamp="2024-02-22T18:50:59 IST" skipped="0">
  <testcase classname="Day7.Login" name="LoginUser" time="3.782"/>
  <system-out/>
</testsuite> <!-- Day7.Login -->
